0 verbose cli /usr/local/bin/node /usr/local/bin/npm
1 info using npm@11.8.0
2 info using node@v24.13.1
3 silly config load:file:/usr/local/lib/node_modules/npm/npmrc
4 silly config load:file:/Users/johnnyarya/lp-tracker-fresh/.npmrc
5 silly config load:file:/Users/johnnyarya/.npmrc
6 silly config load:file:/usr/local/etc/npmrc
7 verbose title npm run dev
8 verbose argv "run" "dev"
9 verbose logfile logs-max:10 dir:/Users/johnnyarya/lp-tracker-fresh/.npm-cache/_logs/2026-02-12T07_05_02_282Z-
10 verbose logfile /Users/johnnyarya/lp-tracker-fresh/.npm-cache/_logs/2026-02-12T07_05_02_282Z-debug-0.log
11 silly logfile done cleaning log files
12 http fetch GET 200 https://registry.npmjs.org/npm 255ms
13 verbose cwd /Users/johnnyarya/lp-tracker-fresh
14 verbose os Darwin 25.2.0
15 verbose node v24.13.1
16 verbose npm  v11.8.0
17 notice
17 notice New [33mminor[39m version of npm available! [33m11.8.0[39m -> [34m11.10.0[39m
17 notice Changelog: [34mhttps://github.com/npm/cli/releases/tag/v11.10.0[39m
17 notice To update run: [4mnpm install -g npm@11.10.0[24m
17 notice  { force: true, Symbol(proc-log.meta): true }
18 verbose exit 0
19 info ok
